<?xml version="1.0" encoding="UTF-8"?>
<!-- Generated by org.testng.reporters.JUnitReportReporter -->
<testsuite hostname="LAPTOP-D6TAF9DO" failures="0" tests="1" name="org.mavenExample.Rakesh" time="0.013" errors="0" timestamp="18 Jul 2022 15:43:50 GMT">
  <testcase classname="org.mavenExample.Rakesh" name="mn" time="0.013"/>
</testsuite> <!-- org.mavenExample.Rakesh -->
